{ xml: 
   { ToUserName: [ 'gh_f559e9c33005' ],
     FromUserName: [ 'o82BBs8XqUSk84CNOA3hfQ0kNS90' ],
     CreateTime: [ '1428418246' ],
     MsgType: [ 'event' ],
     Event: [ 'CLICK' ],
     EventKey: [ 'V1001_PING' ] } }
{ xml: 
   { ToUserName: [ 'gh_f559e9c33005' ],
     FromUserName: [ 'o82BBs8XqUSk84CNOA3hfQ0kNS90' ],
     CreateTime: [ '1428418246' ],
     MsgType: [ 'event' ],
     Event: [ 'CLICK' ],
     EventKey: [ 'V1001_PING' ] } }
{ xml: 
   { ToUserName: [ 'gh_f559e9c33005' ],
     FromUserName: [ 'o82BBs8XqUSk84CNOA3hfQ0kNS90' ],
     CreateTime: [ '1428418261' ],
     MsgType: [ 'event' ],
     Event: [ 'CLICK' ],
     EventKey: [ 'V1001_PING' ] } }
{ xml: 
   { ToUserName: [ 'gh_f559e9c33005' ],
     FromUserName: [ 'o82BBs8XqUSk84CNOA3hfQ0kNS90' ],
     CreateTime: [ '1428418261' ],
     MsgType: [ 'event' ],
     Event: [ 'CLICK' ],
     EventKey: [ 'V1001_PING' ] } }
{ xml: 
   { ToUserName: [ 'gh_f559e9c33005' ],
     FromUserName: [ 'o82BBs8XqUSk84CNOA3hfQ0kNS90' ],
     CreateTime: [ '1428418264' ],
     MsgType: [ 'event' ],
     Event: [ 'CLICK' ],
     EventKey: [ 'V1001_PING' ] } }
{ xml: 
   { ToUserName: [ 'gh_f559e9c33005' ],
     FromUserName: [ 'o82BBs8XqUSk84CNOA3hfQ0kNS90' ],
     CreateTime: [ '1428418264' ],
     MsgType: [ 'event' ],
     Event: [ 'CLICK' ],
     EventKey: [ 'V1001_PING' ] } }
{ xml: 
   { ToUserName: [ 'gh_f559e9c33005' ],
     FromUserName: [ 'o82BBs8XqUSk84CNOA3hfQ0kNS90' ],
     CreateTime: [ '1428418652' ],
     MsgType: [ 'event' ],
     Event: [ 'VIEW' ],
     EventKey: [ 'http://172.30.0.49' ] } }
{ xml: 
   { ToUserName: [ 'gh_f559e9c33005' ],
     FromUserName: [ 'o82BBs8XqUSk84CNOA3hfQ0kNS90' ],
     CreateTime: [ '1428418652' ],
     MsgType: [ 'event' ],
     Event: [ 'VIEW' ],
     EventKey: [ 'http://172.30.0.49' ] } }
{ xml: 
   { ToUserName: [ 'gh_f559e9c33005' ],
     FromUserName: [ 'o82BBs8XqUSk84CNOA3hfQ0kNS90' ],
     CreateTime: [ '1428418757' ],
     MsgType: [ 'event' ],
     Event: [ 'CLICK' ],
     EventKey: [ 'V1001_PING' ] } }
{ xml: 
   { ToUserName: [ 'gh_f559e9c33005' ],
     FromUserName: [ 'o82BBs8XqUSk84CNOA3hfQ0kNS90' ],
     CreateTime: [ '1428418757' ],
     MsgType: [ 'event' ],
     Event: [ 'CLICK' ],
     EventKey: [ 'V1001_PING' ] } }
{ xml: 
   { ToUserName: [ 'gh_f559e9c33005' ],
     FromUserName: [ 'o82BBs8XqUSk84CNOA3hfQ0kNS90' ],
     CreateTime: [ '1428420167' ],
     MsgType: [ 'event' ],
     Event: [ 'VIEW' ],
     EventKey: [ 'http://119.29.114.143:8080/' ] } }
{ xml: 
   { ToUserName: [ 'gh_f559e9c33005' ],
     FromUserName: [ 'o82BBs8XqUSk84CNOA3hfQ0kNS90' ],
     CreateTime: [ '1428420167' ],
     MsgType: [ 'event' ],
     Event: [ 'VIEW' ],
     EventKey: [ 'http://119.29.114.143:8080/' ] } }
{ xml: 
   { ToUserName: [ 'gh_f559e9c33005' ],
     FromUserName: [ 'o82BBs8XqUSk84CNOA3hfQ0kNS90' ],
     CreateTime: [ '1428420687' ],
     MsgType: [ 'event' ],
     Event: [ 'VIEW' ],
     EventKey: [ 'http://119.29.114.143:8080/' ] } }
{ xml: 
   { ToUserName: [ 'gh_f559e9c33005' ],
     FromUserName: [ 'o82BBs8XqUSk84CNOA3hfQ0kNS90' ],
     CreateTime: [ '1428420687' ],
     MsgType: [ 'event' ],
     Event: [ 'VIEW' ],
     EventKey: [ 'http://119.29.114.143:8080/' ] } }
{ xml: 
   { ToUserName: [ 'gh_f559e9c33005' ],
     FromUserName: [ 'o82BBs8XqUSk84CNOA3hfQ0kNS90' ],
     CreateTime: [ '1428421005' ],
     MsgType: [ 'event' ],
     Event: [ 'VIEW' ],
     EventKey: [ 'http://119.29.114.143:8080/' ] } }
{ xml: 
   { ToUserName: [ 'gh_f559e9c33005' ],
     FromUserName: [ 'o82BBs8XqUSk84CNOA3hfQ0kNS90' ],
     CreateTime: [ '1428421005' ],
     MsgType: [ 'event' ],
     Event: [ 'VIEW' ],
     EventKey: [ 'http://119.29.114.143:8080/' ] } }
{ xml: 
   { ToUserName: [ 'gh_f559e9c33005' ],
     FromUserName: [ 'o82BBs8XqUSk84CNOA3hfQ0kNS90' ],
     CreateTime: [ '1428421093' ],
     MsgType: [ 'event' ],
     Event: [ 'CLICK' ],
     EventKey: [ 'V1001_PING' ] } }
{ xml: 
   { ToUserName: [ 'gh_f559e9c33005' ],
     FromUserName: [ 'o82BBs8XqUSk84CNOA3hfQ0kNS90' ],
     CreateTime: [ '1428421093' ],
     MsgType: [ 'event' ],
     Event: [ 'CLICK' ],
     EventKey: [ 'V1001_PING' ] } }
{ xml: 
   { ToUserName: [ 'gh_f559e9c33005' ],
     FromUserName: [ 'o82BBs8XqUSk84CNOA3hfQ0kNS90' ],
     CreateTime: [ '1428421098' ],
     MsgType: [ 'event' ],
     Event: [ 'VIEW' ],
     EventKey: [ 'http://119.29.114.143' ] } }
{ xml: 
   { ToUserName: [ 'gh_f559e9c33005' ],
     FromUserName: [ 'o82BBs8XqUSk84CNOA3hfQ0kNS90' ],
     CreateTime: [ '1428421098' ],
     MsgType: [ 'event' ],
     Event: [ 'VIEW' ],
     EventKey: [ 'http://119.29.114.143' ] } }
{ xml: 
   { ToUserName: [ 'gh_f559e9c33005' ],
     FromUserName: [ 'o82BBs8XqUSk84CNOA3hfQ0kNS90' ],
     CreateTime: [ '1428421110' ],
     MsgType: [ 'event' ],
     Event: [ 'VIEW' ],
     EventKey: [ 'http://119.29.114.143:8080/' ] } }
{ xml: 
   { ToUserName: [ 'gh_f559e9c33005' ],
     FromUserName: [ 'o82BBs8XqUSk84CNOA3hfQ0kNS90' ],
     CreateTime: [ '1428421110' ],
     MsgType: [ 'event' ],
     Event: [ 'VIEW' ],
     EventKey: [ 'http://119.29.114.143:8080/' ] } }
{ xml: 
   { ToUserName: [ 'gh_f559e9c33005' ],
     FromUserName: [ 'o82BBs8XqUSk84CNOA3hfQ0kNS90' ],
     CreateTime: [ '1428421158' ],
     MsgType: [ 'event' ],
     Event: [ 'CLICK' ],
     EventKey: [ 'V1001_PING' ] } }
{ xml: 
   { ToUserName: [ 'gh_f559e9c33005' ],
     FromUserName: [ 'o82BBs8XqUSk84CNOA3hfQ0kNS90' ],
     CreateTime: [ '1428421158' ],
     MsgType: [ 'event' ],
     Event: [ 'CLICK' ],
     EventKey: [ 'V1001_PING' ] } }
{ xml: 
   { ToUserName: [ 'gh_f559e9c33005' ],
     FromUserName: [ 'o82BBs8XqUSk84CNOA3hfQ0kNS90' ],
     CreateTime: [ '1428421161' ],
     MsgType: [ 'event' ],
     Event: [ 'VIEW' ],
     EventKey: [ 'http://119.29.114.143:8080/' ] } }
{ xml: 
   { ToUserName: [ 'gh_f559e9c33005' ],
     FromUserName: [ 'o82BBs8XqUSk84CNOA3hfQ0kNS90' ],
     CreateTime: [ '1428421161' ],
     MsgType: [ 'event' ],
     Event: [ 'VIEW' ],
     EventKey: [ 'http://119.29.114.143:8080/' ] } }
{ xml: 
   { ToUserName: [ 'gh_f559e9c33005' ],
     FromUserName: [ 'o82BBs9o0ndCJPt0bDxrzhpettpE' ],
     CreateTime: [ '1428421181' ],
     MsgType: [ 'event' ],
     Event: [ 'subscribe' ],
     EventKey: [ '' ] } }
{ xml: 
   { ToUserName: [ 'gh_f559e9c33005' ],
     FromUserName: [ 'o82BBs9o0ndCJPt0bDxrzhpettpE' ],
     CreateTime: [ '1428421181' ],
     MsgType: [ 'event' ],
     Event: [ 'subscribe' ],
     EventKey: [ '' ] } }
{ xml: 
   { ToUserName: [ 'gh_f559e9c33005' ],
     FromUserName: [ 'o82BBs9o0ndCJPt0bDxrzhpettpE' ],
     CreateTime: [ '1428421187' ],
     MsgType: [ 'event' ],
     Event: [ 'CLICK' ],
     EventKey: [ 'V1001_PING' ] } }
{ xml: 
   { ToUserName: [ 'gh_f559e9c33005' ],
     FromUserName: [ 'o82BBs9o0ndCJPt0bDxrzhpettpE' ],
     CreateTime: [ '1428421187' ],
     MsgType: [ 'event' ],
     Event: [ 'CLICK' ],
     EventKey: [ 'V1001_PING' ] } }
{ xml: 
   { ToUserName: [ 'gh_f559e9c33005' ],
     FromUserName: [ 'o82BBs9o0ndCJPt0bDxrzhpettpE' ],
     CreateTime: [ '1428421195' ],
     MsgType: [ 'event' ],
     Event: [ 'VIEW' ],
     EventKey: [ 'http://119.29.114.143:8080/' ] } }
{ xml: 
   { ToUserName: [ 'gh_f559e9c33005' ],
     FromUserName: [ 'o82BBs9o0ndCJPt0bDxrzhpettpE' ],
     CreateTime: [ '1428421195' ],
     MsgType: [ 'event' ],
     Event: [ 'VIEW' ],
     EventKey: [ 'http://119.29.114.143:8080/' ] } }
{ xml: 
   { ToUserName: [ 'gh_f559e9c33005' ],
     FromUserName: [ 'o82BBs9o0ndCJPt0bDxrzhpettpE' ],
     CreateTime: [ '1428421231' ],
     MsgType: [ 'event' ],
     Event: [ 'VIEW' ],
     EventKey: [ 'http://119.29.114.143' ] } }
{ xml: 
   { ToUserName: [ 'gh_f559e9c33005' ],
     FromUserName: [ 'o82BBs9o0ndCJPt0bDxrzhpettpE' ],
     CreateTime: [ '1428421231' ],
     MsgType: [ 'event' ],
     Event: [ 'VIEW' ],
     EventKey: [ 'http://119.29.114.143' ] } }
{ xml: 
   { ToUserName: [ 'gh_f559e9c33005' ],
     FromUserName: [ 'o82BBs9o0ndCJPt0bDxrzhpettpE' ],
     CreateTime: [ '1428421381' ],
     MsgType: [ 'event' ],
     Event: [ 'CLICK' ],
     EventKey: [ 'V1001_PING' ] } }
{ xml: 
   { ToUserName: [ 'gh_f559e9c33005' ],
     FromUserName: [ 'o82BBs9o0ndCJPt0bDxrzhpettpE' ],
     CreateTime: [ '1428421381' ],
     MsgType: [ 'event' ],
     Event: [ 'CLICK' ],
     EventKey: [ 'V1001_PING' ] } }
{ xml: 
   { ToUserName: [ 'gh_f559e9c33005' ],
     FromUserName: [ 'o82BBs9o0ndCJPt0bDxrzhpettpE' ],
     CreateTime: [ '1428421388' ],
     MsgType: [ 'text' ],
     Content: [ 'test' ],
     MsgId: [ '6135023146572549690' ] } }
{ xml: 
   { ToUserName: [ 'gh_f559e9c33005' ],
     FromUserName: [ 'o82BBs9o0ndCJPt0bDxrzhpettpE' ],
     CreateTime: [ '1428421388' ],
     MsgType: [ 'text' ],
     Content: [ 'test' ],
     MsgId: [ '6135023146572549690' ] } }
{ xml: 
   { ToUserName: [ 'gh_f559e9c33005' ],
     FromUserName: [ 'o82BBs9o0ndCJPt0bDxrzhpettpE' ],
     CreateTime: [ '1428421429' ],
     MsgType: [ 'event' ],
     Event: [ 'pic_photo_or_album' ],
     EventKey: [ 'V1002_POST_IMAGE' ],
     SendPicsInfo: [ [Object] ] } }
{ xml: 
   { ToUserName: [ 'gh_f559e9c33005' ],
     FromUserName: [ 'o82BBs9o0ndCJPt0bDxrzhpettpE' ],
     CreateTime: [ '1428421429' ],
     MsgType: [ 'event' ],
     Event: [ 'pic_photo_or_album' ],
     EventKey: [ 'V1002_POST_IMAGE' ],
     SendPicsInfo: [ [Object] ] } }
{ xml: 
   { ToUserName: [ 'gh_f559e9c33005' ],
     FromUserName: [ 'o82BBs9o0ndCJPt0bDxrzhpettpE' ],
     CreateTime: [ '1428421435' ],
     MsgType: [ 'event' ],
     Event: [ 'VIEW' ],
     EventKey: [ 'http://119.29.114.143' ] } }
{ xml: 
   { ToUserName: [ 'gh_f559e9c33005' ],
     FromUserName: [ 'o82BBs9o0ndCJPt0bDxrzhpettpE' ],
     CreateTime: [ '1428421435' ],
     MsgType: [ 'event' ],
     Event: [ 'VIEW' ],
     EventKey: [ 'http://119.29.114.143' ] } }
{ xml: 
   { ToUserName: [ 'gh_f559e9c33005' ],
     FromUserName: [ 'o82BBs9o0ndCJPt0bDxrzhpettpE' ],
     CreateTime: [ '1428421683' ],
     MsgType: [ 'event' ],
     Event: [ 'CLICK' ],
     EventKey: [ 'V1001_PING' ] } }
{ xml: 
   { ToUserName: [ 'gh_f559e9c33005' ],
     FromUserName: [ 'o82BBs9o0ndCJPt0bDxrzhpettpE' ],
     CreateTime: [ '1428421683' ],
     MsgType: [ 'event' ],
     Event: [ 'CLICK' ],
     EventKey: [ 'V1001_PING' ] } }
{ xml: 
   { ToUserName: [ 'gh_f559e9c33005' ],
     FromUserName: [ 'o82BBs9o0ndCJPt0bDxrzhpettpE' ],
     CreateTime: [ '1428421725' ],
     MsgType: [ 'event' ],
     Event: [ 'VIEW' ],
     EventKey: [ 'http://119.29.114.143:8080/' ] } }
{ xml: 
   { ToUserName: [ 'gh_f559e9c33005' ],
     FromUserName: [ 'o82BBs9o0ndCJPt0bDxrzhpettpE' ],
     CreateTime: [ '1428421725' ],
     MsgType: [ 'event' ],
     Event: [ 'VIEW' ],
     EventKey: [ 'http://119.29.114.143:8080/' ] } }
{ xml: 
   { ToUserName: [ 'gh_f559e9c33005' ],
     FromUserName: [ 'o82BBs8XqUSk84CNOA3hfQ0kNS90' ],
     CreateTime: [ '1428546012' ],
     MsgType: [ 'event' ],
     Event: [ 'CLICK' ],
     EventKey: [ 'V1001_PING' ] } }
{ xml: 
   { ToUserName: [ 'gh_f559e9c33005' ],
     FromUserName: [ 'o82BBs8XqUSk84CNOA3hfQ0kNS90' ],
     CreateTime: [ '1428546012' ],
     MsgType: [ 'event' ],
     Event: [ 'CLICK' ],
     EventKey: [ 'V1001_PING' ] } }
{ xml: 
   { ToUserName: [ 'gh_f559e9c33005' ],
     FromUserName: [ 'o82BBs8XqUSk84CNOA3hfQ0kNS90' ],
     CreateTime: [ '1428547683' ],
     MsgType: [ 'event' ],
     Event: [ 'CLICK' ],
     EventKey: [ 'V1001_PING' ] } }
{ xml: 
   { ToUserName: [ 'gh_f559e9c33005' ],
     FromUserName: [ 'o82BBs8XqUSk84CNOA3hfQ0kNS90' ],
     CreateTime: [ '1428547683' ],
     MsgType: [ 'event' ],
     Event: [ 'CLICK' ],
     EventKey: [ 'V1001_PING' ] } }
{ xml: 
   { ToUserName: [ 'gh_f559e9c33005' ],
     FromUserName: [ 'o82BBs9o0ndCJPt0bDxrzhpettpE' ],
     CreateTime: [ '1428586868' ],
     MsgType: [ 'event' ],
     Event: [ 'VIEW' ],
     EventKey: [ 'http://119.29.114.143' ] } }
{ xml: 
   { ToUserName: [ 'gh_f559e9c33005' ],
     FromUserName: [ 'o82BBs9o0ndCJPt0bDxrzhpettpE' ],
     CreateTime: [ '1428586868' ],
     MsgType: [ 'event' ],
     Event: [ 'VIEW' ],
     EventKey: [ 'http://119.29.114.143' ] } }
{ xml: 
   { ToUserName: [ 'gh_f559e9c33005' ],
     FromUserName: [ 'o82BBs9o0ndCJPt0bDxrzhpettpE' ],
     CreateTime: [ '1428586884' ],
     MsgType: [ 'event' ],
     Event: [ 'VIEW' ],
     EventKey: [ 'http://119.29.114.143:8080/' ] } }
{ xml: 
   { ToUserName: [ 'gh_f559e9c33005' ],
     FromUserName: [ 'o82BBs9o0ndCJPt0bDxrzhpettpE' ],
     CreateTime: [ '1428586884' ],
     MsgType: [ 'event' ],
     Event: [ 'VIEW' ],
     EventKey: [ 'http://119.29.114.143:8080/' ] } }
undefined
undefined
